<?xml version="1.0" encoding="UTF-8"?>
<testsuite xmlns:xsi="http://www.w3.org/2001/XMLSchema-instance" xsi:noNamespaceSchemaLocation="https://maven.apache.org/surefire/maven-failsafe-plugin/xsd/failsafe-test-report-3.0.xsd" version="3.0" name="org.ibm.ce.quarkus.starting.BookResourceIT" time="0.719" tests="1" errors="1" skipped="0" failures="0">
  <properties>
    <property name="java.specification.version" value="17"/>
    <property name="test.url" value="http://localhost:8081"/>
    <property name="sun.jnu.encoding" value="UTF-8"/>
    <property name="java.class.path" value="/Users/slievens/MacTools/CE/quarkus-projects/rest-book/target/test-classes:/Users/slievens/MacTools/CE/quarkus-projects/rest-book/target/rest-book-1.0.jar:/Users/slievens/.m2/repository/io/quarkus/quarkus-resteasy-jsonb/2.16.2.Final/quarkus-resteasy-jsonb-2.16.2.Final.jar:/Users/slievens/.m2/repository/io/quarkus/quarkus-jsonb/2.16.2.Final/quarkus-jsonb-2.16.2.Final.jar:/Users/slievens/.m2/repository/org/eclipse/yasson/1.0.11/yasson-1.0.11.jar:/Users/slievens/.m2/repository/io/quarkus/quarkus-jsonp/2.16.2.Final/quarkus-jsonp-2.16.2.Final.jar:/Users/slievens/.m2/repository/org/glassfish/jakarta.json/1.1.6/jakarta.json-1.1.6.jar:/Users/slievens/.m2/repository/org/jboss/resteasy/resteasy-json-binding-provider/4.7.7.Final/resteasy-json-binding-provider-4.7.7.Final.jar:/Users/slievens/.m2/repository/jakarta/json/bind/jakarta.json.bind-api/1.0.2/jakarta.json.bind-api-1.0.2.jar:/Users/slievens/.m2/repository/org/jboss/logging/jboss-logging/3.5.0.Final/jboss-logging-3.5.0.Final.jar:/Users/slievens/.m2/repository/org/jboss/resteasy/resteasy-json-p-provider/4.7.7.Final/resteasy-json-p-provider-4.7.7.Final.jar:/Users/slievens/.m2/repository/commons-io/commons-io/2.11.0/commons-io-2.11.0.jar:/Users/slievens/.m2/repository/io/quarkus/quarkus-arc/2.16.2.Final/quarkus-arc-2.16.2.Final.jar:/Users/slievens/.m2/repository/io/quarkus/arc/arc/2.16.2.Final/arc-2.16.2.Final.jar:/Users/slievens/.m2/repository/jakarta/enterprise/jakarta.enterprise.cdi-api/2.0.2/jakarta.enterprise.cdi-api-2.0.2.jar:/Users/slievens/.m2/repository/jakarta/el/jakarta.el-api/3.0.3/jakarta.el-api-3.0.3.jar:/Users/slievens/.m2/repository/jakarta/interceptor/jakarta.interceptor-api/1.2.5/jakarta.interceptor-api-1.2.5.jar:/Users/slievens/.m2/repository/jakarta/annotation/jakarta.annotation-api/1.3.5/jakarta.annotation-api-1.3.5.jar:/Users/slievens/.m2/repository/jakarta/transaction/jakarta.transaction-api/1.3.3/jakarta.transaction-api-1.3.3.jar:/Users/slievens/.m2/repository/io/smallrye/reactive/mutiny/1.9.0/mutiny-1.9.0.jar:/Users/slievens/.m2/repository/org/reactivestreams/reactive-streams/1.0.3/reactive-streams-1.0.3.jar:/Users/slievens/.m2/repository/io/smallrye/common/smallrye-common-annotation/1.13.2/smallrye-common-annotation-1.13.2.jar:/Users/slievens/.m2/repository/io/quarkus/quarkus-core/2.16.2.Final/quarkus-core-2.16.2.Final.jar:/Users/slievens/.m2/repository/jakarta/inject/jakarta.inject-api/1.0/jakarta.inject-api-1.0.jar:/Users/slievens/.m2/repository/io/quarkus/quarkus-ide-launcher/2.16.2.Final/quarkus-ide-launcher-2.16.2.Final.jar:/Users/slievens/.m2/repository/io/quarkus/quarkus-development-mode-spi/2.16.2.Final/quarkus-development-mode-spi-2.16.2.Final.jar:/Users/slievens/.m2/repository/io/smallrye/config/smallrye-config/2.13.2/smallrye-config-2.13.2.jar:/Users/slievens/.m2/repository/io/smallrye/config/smallrye-config-core/2.13.2/smallrye-config-core-2.13.2.jar:/Users/slievens/.m2/repository/org/eclipse/microprofile/config/microprofile-config-api/2.0.1/microprofile-config-api-2.0.1.jar:/Users/slievens/.m2/repository/io/smallrye/common/smallrye-common-expression/1.13.2/smallrye-common-expression-1.13.2.jar:/Users/slievens/.m2/repository/io/smallrye/common/smallrye-common-function/1.13.2/smallrye-common-function-1.13.2.jar:/Users/slievens/.m2/repository/io/smallrye/common/smallrye-common-classloader/1.13.2/smallrye-common-classloader-1.13.2.jar:/Users/slievens/.m2/repository/io/smallrye/config/smallrye-config-common/2.13.2/smallrye-config-common-2.13.2.jar:/Users/slievens/.m2/repository/org/jboss/logmanager/jboss-logmanager-embedded/1.0.11/jboss-logmanager-embedded-1.0.11.jar:/Users/slievens/.m2/repository/org/jboss/logging/jboss-logging-annotations/2.2.1.Final/jboss-logging-annotations-2.2.1.Final.jar:/Users/slievens/.m2/repository/org/jboss/threads/jboss-threads/3.4.3.Final/jboss-threads-3.4.3.Final.jar:/Users/slievens/.m2/repository/org/slf4j/slf4j-api/1.7.36/slf4j-api-1.7.36.jar:/Users/slievens/.m2/repository/org/jboss/slf4j/slf4j-jboss-logmanager/1.2.0.Final/slf4j-jboss-logmanager-1.2.0.Final.jar:/Users/slievens/.m2/repository/org/graalvm/sdk/graal-sdk/22.3.0/graal-sdk-22.3.0.jar:/Users/slievens/.m2/repository/org/wildfly/common/wildfly-common/1.5.4.Final-format-001/wildfly-common-1.5.4.Final-format-001.jar:/Users/slievens/.m2/repository/io/quarkus/quarkus-bootstrap-runner/2.16.2.Final/quarkus-bootstrap-runner-2.16.2.Final.jar:/Users/slievens/.m2/repository/io/quarkus/quarkus-fs-util/0.0.9/quarkus-fs-util-0.0.9.jar:/Users/slievens/.m2/repository/org/eclipse/microprofile/context-propagation/microprofile-context-propagation-api/1.2/microprofile-context-propagation-api-1.2.jar:/Users/slievens/.m2/repository/io/quarkus/quarkus-resteasy/2.16.2.Final/quarkus-resteasy-2.16.2.Final.jar:/Users/slievens/.m2/repository/io/quarkus/quarkus-vertx-http/2.16.2.Final/quarkus-vertx-http-2.16.2.Final.jar:/Users/slievens/.m2/repository/io/quarkus/quarkus-security-runtime-spi/2.16.2.Final/quarkus-security-runtime-spi-2.16.2.Final.jar:/Users/slievens/.m2/repository/io/quarkus/quarkus-credentials/2.16.2.Final/quarkus-credentials-2.16.2.Final.jar:/Users/slievens/.m2/repository/io/quarkus/quarkus-mutiny/2.16.2.Final/quarkus-mutiny-2.16.2.Final.jar:/Users/slievens/.m2/repository/io/quarkus/quarkus-smallrye-context-propagation/2.16.2.Final/quarkus-smallrye-context-propagation-2.16.2.Final.jar:/Users/slievens/.m2/repository/io/smallrye/smallrye-context-propagation/1.2.2/smallrye-context-propagation-1.2.2.jar:/Users/slievens/.m2/repository/io/smallrye/smallrye-context-propagation-api/1.2.2/smallrye-context-propagation-api-1.2.2.jar:/Users/slievens/.m2/repository/io/smallrye/smallrye-context-propagation-storage/1.2.2/smallrye-context-propagation-storage-1.2.2.jar:/Users/slievens/.m2/repository/io/smallrye/reactive/mutiny-smallrye-context-propagation/1.9.0/mutiny-smallrye-context-propagation-1.9.0.jar:/Users/slievens/.m2/repository/io/smallrye/common/smallrye-common-vertx-context/1.13.2/smallrye-common-vertx-context-1.13.2.jar:/Users/slievens/.m2/repository/io/vertx/vertx-core/4.3.7/vertx-core-4.3.7.jar:/Users/slievens/.m2/repository/io/netty/netty-common/4.1.86.Final/netty-common-4.1.86.Final.jar:/Users/slievens/.m2/repository/io/netty/netty-buffer/4.1.86.Final/netty-buffer-4.1.86.Final.jar:/Users/slievens/.m2/repository/io/netty/netty-transport/4.1.86.Final/netty-transport-4.1.86.Final.jar:/Users/slievens/.m2/repository/io/netty/netty-handler/4.1.86.Final/netty-handler-4.1.86.Final.jar:/Users/slievens/.m2/repository/io/netty/netty-transport-native-unix-common/4.1.86.Final/netty-transport-native-unix-common-4.1.86.Final.jar:/Users/slievens/.m2/repository/io/netty/netty-handler-proxy/4.1.86.Final/netty-handler-proxy-4.1.86.Final.jar:/Users/slievens/.m2/repository/io/netty/netty-codec-socks/4.1.86.Final/netty-codec-socks-4.1.86.Final.jar:/Users/slievens/.m2/repository/io/netty/netty-codec-http/4.1.86.Final/netty-codec-http-4.1.86.Final.jar:/Users/slievens/.m2/repository/io/netty/netty-codec-http2/4.1.86.Final/netty-codec-http2-4.1.86.Final.jar:/Users/slievens/.m2/repository/io/netty/netty-resolver/4.1.86.Final/netty-resolver-4.1.86.Final.jar:/Users/slievens/.m2/repository/io/netty/netty-resolver-dns/4.1.86.Final/netty-resolver-dns-4.1.86.Final.jar:/Users/slievens/.m2/repository/io/netty/netty-codec-dns/4.1.86.Final/netty-codec-dns-4.1.86.Final.jar:/Users/slievens/.m2/repository/com/fasterxml/jackson/core/jackson-core/2.14.2/jackson-core-2.14.2.jar:/Users/slievens/.m2/repository/io/smallrye/common/smallrye-common-constraint/1.13.2/smallrye-common-constraint-1.13.2.jar:/Users/slievens/.m2/repository/io/quarkus/quarkus-vertx-http-dev-console-runtime-spi/2.16.2.Final/quarkus-vertx-http-dev-console-runtime-spi-2.16.2.Final.jar:/Users/slievens/.m2/repository/io/quarkus/security/quarkus-security/1.1.4.Final/quarkus-security-1.1.4.Final.jar:/Users/slievens/.m2/repository/io/quarkus/quarkus-vertx/2.16.2.Final/quarkus-vertx-2.16.2.Final.jar:/Users/slievens/.m2/repository/io/quarkus/quarkus-netty/2.16.2.Final/quarkus-netty-2.16.2.Final.jar:/Users/slievens/.m2/repository/io/netty/netty-codec/4.1.86.Final/netty-codec-4.1.86.Final.jar:/Users/slievens/.m2/repository/com/aayushatharva/brotli4j/brotli4j/1.8.0/brotli4j-1.8.0.jar:/Users/slievens/.m2/repository/com/aayushatharva/brotli4j/native-osx-aarch64/1.8.0/native-osx-aarch64-1.8.0.jar:/Users/slievens/.m2/repository/io/netty/netty-codec-haproxy/4.1.86.Final/netty-codec-haproxy-4.1.86.Final.jar:/Users/slievens/.m2/repository/io/quarkus/quarkus-vertx-latebound-mdc-provider/2.16.2.Final/quarkus-vertx-latebound-mdc-provider-2.16.2.Final.jar:/Users/slievens/.m2/repository/io/smallrye/reactive/smallrye-mutiny-vertx-core/2.30.1/smallrye-mutiny-vertx-core-2.30.1.jar:/Users/slievens/.m2/repository/io/smallrye/reactive/smallrye-mutiny-vertx-runtime/2.30.1/smallrye-mutiny-vertx-runtime-2.30.1.jar:/Users/slievens/.m2/repository/io/smallrye/reactive/vertx-mutiny-generator/2.30.1/vertx-mutiny-generator-2.30.1.jar:/Users/slievens/.m2/repository/io/vertx/vertx-codegen/4.3.7/vertx-codegen-4.3.7.jar:/Users/slievens/.m2/repository/io/smallrye/smallrye-fault-tolerance-vertx/5.6.0/smallrye-fault-tolerance-vertx-5.6.0.jar:/Users/slievens/.m2/repository/io/smallrye/reactive/smallrye-mutiny-vertx-web/2.30.1/smallrye-mutiny-vertx-web-2.30.1.jar:/Users/slievens/.m2/repository/io/smallrye/reactive/smallrye-mutiny-vertx-web-common/2.30.1/smallrye-mutiny-vertx-web-common-2.30.1.jar:/Users/slievens/.m2/repository/io/smallrye/reactive/smallrye-mutiny-vertx-auth-common/2.30.1/smallrye-mutiny-vertx-auth-common-2.30.1.jar:/Users/slievens/.m2/repository/io/smallrye/reactive/smallrye-mutiny-vertx-bridge-common/2.30.1/smallrye-mutiny-vertx-bridge-common-2.30.1.jar:/Users/slievens/.m2/repository/io/smallrye/reactive/smallrye-mutiny-vertx-uri-template/2.30.1/smallrye-mutiny-vertx-uri-template-2.30.1.jar:/Users/slievens/.m2/repository/io/vertx/vertx-uri-template/4.3.7/vertx-uri-template-4.3.7.jar:/Users/slievens/.m2/repository/io/vertx/vertx-web/4.3.7/vertx-web-4.3.7.jar:/Users/slievens/.m2/repository/io/vertx/vertx-web-common/4.3.7/vertx-web-common-4.3.7.jar:/Users/slievens/.m2/repository/io/vertx/vertx-auth-common/4.3.7/vertx-auth-common-4.3.7.jar:/Users/slievens/.m2/repository/io/vertx/vertx-bridge-common/4.3.7/vertx-bridge-common-4.3.7.jar:/Users/slievens/.m2/repository/io/github/crac/org-crac/0.1.3/org-crac-0.1.3.jar:/Users/slievens/.m2/repository/io/quarkus/quarkus-resteasy-server-common/2.16.2.Final/quarkus-resteasy-server-common-2.16.2.Final.jar:/Users/slievens/.m2/repository/io/quarkus/quarkus-resteasy-common/2.16.2.Final/quarkus-resteasy-common-2.16.2.Final.jar:/Users/slievens/.m2/repository/org/jboss/resteasy/resteasy-core/4.7.7.Final/resteasy-core-4.7.7.Final.jar:/Users/slievens/.m2/repository/org/jboss/spec/javax/ws/rs/jboss-jaxrs-api_2.1_spec/2.0.1.Final/jboss-jaxrs-api_2.1_spec-2.0.1.Final.jar:/Users/slievens/.m2/repository/org/jboss/spec/javax/xml/bind/jboss-jaxb-api_2.3_spec/2.0.0.Final/jboss-jaxb-api_2.3_spec-2.0.0.Final.jar:/Users/slievens/.m2/repository/org/jboss/resteasy/resteasy-core-spi/4.7.7.Final/resteasy-core-spi-4.7.7.Final.jar:/Users/slievens/.m2/repository/com/ibm/async/asyncutil/0.1.0/asyncutil-0.1.0.jar:/Users/slievens/.m2/repository/com/sun/activation/jakarta.activation/1.2.1/jakarta.activation-1.2.1.jar:/Users/slievens/.m2/repository/jakarta/validation/jakarta.validation-api/2.0.2/jakarta.validation-api-2.0.2.jar:/Users/slievens/.m2/repository/io/quarkus/quarkus-container-image-docker/2.16.2.Final/quarkus-container-image-docker-2.16.2.Final.jar:/Users/slievens/.m2/repository/io/quarkus/quarkus-container-image/2.16.2.Final/quarkus-container-image-2.16.2.Final.jar:/Users/slievens/.m2/repository/io/quarkus/quarkus-junit5/2.16.2.Final/quarkus-junit5-2.16.2.Final.jar:/Users/slievens/.m2/repository/io/quarkus/quarkus-bootstrap-core/2.16.2.Final/quarkus-bootstrap-core-2.16.2.Final.jar:/Users/slievens/.m2/repository/io/quarkus/quarkus-bootstrap-app-model/2.16.2.Final/quarkus-bootstrap-app-model-2.16.2.Final.jar:/Users/slievens/.m2/repository/io/smallrye/common/smallrye-common-io/1.13.2/smallrye-common-io-1.13.2.jar:/Users/slievens/.m2/repository/org/eclipse/sisu/org.eclipse.sisu.inject/0.3.5/org.eclipse.sisu.inject-0.3.5.jar:/Users/slievens/.m2/repository/io/quarkus/quarkus-test-common/2.16.2.Final/quarkus-test-common-2.16.2.Final.jar:/Users/slievens/.m2/repository/io/quarkus/quarkus-core-deployment/2.16.2.Final/quarkus-core-deployment-2.16.2.Final.jar:/Users/slievens/.m2/repository/org/aesh/readline/2.2/readline-2.2.jar:/Users/slievens/.m2/repository/org/fusesource/jansi/jansi/1.18/jansi-1.18.jar:/Users/slievens/.m2/repository/org/aesh/aesh/2.7/aesh-2.7.jar:/Users/slievens/.m2/repository/io/quarkus/gizmo/gizmo/1.6.0.Final/gizmo-1.6.0.Final.jar:/Users/slievens/.m2/repository/org/ow2/asm/asm-util/9.4/asm-util-9.4.jar:/Users/slievens/.m2/repository/org/ow2/asm/asm-analysis/9.4/asm-analysis-9.4.jar:/Users/slievens/.m2/repository/org/ow2/asm/asm/9.4/asm-9.4.jar:/Users/slievens/.m2/repository/org/ow2/asm/asm-commons/9.4/asm-commons-9.4.jar:/Users/slievens/.m2/repository/org/ow2/asm/asm-tree/9.4/asm-tree-9.4.jar:/Users/slievens/.m2/repository/io/quarkus/quarkus-class-change-agent/2.16.2.Final/quarkus-class-change-agent-2.16.2.Final.jar:/Users/slievens/.m2/repository/io/quarkus/quarkus-devtools-utilities/2.16.2.Final/quarkus-devtools-utilities-2.16.2.Final.jar:/Users/slievens/.m2/repository/io/quarkus/quarkus-builder/2.16.2.Final/quarkus-builder-2.16.2.Final.jar:/Users/slievens/.m2/repository/org/junit/platform/junit-platform-launcher/1.9.2/junit-platform-launcher-1.9.2.jar:/Users/slievens/.m2/repository/io/quarkus/quarkus-bootstrap-maven-resolver/2.16.2.Final/quarkus-bootstrap-maven-resolver-2.16.2.Final.jar:/Users/slievens/.m2/repository/org/apache/maven/maven-embedder/3.8.6/maven-embedder-3.8.6.jar:/Users/slievens/.m2/repository/org/apache/maven/maven-settings/3.8.6/maven-settings-3.8.6.jar:/Users/slievens/.m2/repository/org/apache/maven/maven-core/3.8.6/maven-core-3.8.6.jar:/Users/slievens/.m2/repository/org/apache/maven/maven-artifact/3.8.6/maven-artifact-3.8.6.jar:/Users/slievens/.m2/repository/org/codehaus/plexus/plexus-component-annotations/2.1.0/plexus-component-annotations-2.1.0.jar:/Users/slievens/.m2/repository/org/apache/maven/maven-plugin-api/3.8.6/maven-plugin-api-3.8.6.jar:/Users/slievens/.m2/repository/org/apache/maven/maven-model/3.8.6/maven-model-3.8.6.jar:/Users/slievens/.m2/repository/org/apache/maven/maven-model-builder/3.8.6/maven-model-builder-3.8.6.jar:/Users/slievens/.m2/repository/org/apache/maven/maven-builder-support/3.8.6/maven-builder-support-3.8.6.jar:/Users/slievens/.m2/repository/org/apache/maven/resolver/maven-resolver-api/1.6.3/maven-resolver-api-1.6.3.jar:/Users/slievens/.m2/repository/org/apache/maven/resolver/maven-resolver-util/1.6.3/maven-resolver-util-1.6.3.jar:/Users/slievens/.m2/repository/org/apache/maven/shared/maven-shared-utils/3.3.4/maven-shared-utils-3.3.4.jar:/Users/slievens/.m2/repository/com/google/inject/guice/4.2.2/guice-4.2.2-no_aop.jar:/Users/slievens/.m2/repository/com/google/guava/guava/31.1-jre/guava-31.1-jre.jar:/Users/slievens/.m2/repository/com/google/guava/failureaccess/1.0.1/failureaccess-1.0.1.jar:/Users/slievens/.m2/repository/org/codehaus/plexus/plexus-classworlds/2.6.0/plexus-classworlds-2.6.0.jar:/Users/slievens/.m2/repository/org/codehaus/plexus/plexus-sec-dispatcher/2.0/plexus-sec-dispatcher-2.0.jar:/Users/slievens/.m2/repository/org/codehaus/plexus/plexus-cipher/2.0/plexus-cipher-2.0.jar:/Users/slievens/.m2/repository/commons-cli/commons-cli/1.4/commons-cli-1.4.jar:/Users/slievens/.m2/repository/org/eclipse/sisu/org.eclipse.sisu.plexus/0.3.5/org.eclipse.sisu.plexus-0.3.5.jar:/Users/slievens/.m2/repository/org/apache/maven/maven-settings-builder/3.8.6/maven-settings-builder-3.8.6.jar:/Users/slievens/.m2/repository/org/codehaus/plexus/plexus-interpolation/1.26/plexus-interpolation-1.26.jar:/Users/slievens/.m2/repository/org/apache/maven/maven-resolver-provider/3.8.6/maven-resolver-provider-3.8.6.jar:/Users/slievens/.m2/repository/org/apache/maven/maven-repository-metadata/3.8.6/maven-repository-metadata-3.8.6.jar:/Users/slievens/.m2/repository/org/apache/maven/resolver/maven-resolver-spi/1.6.3/maven-resolver-spi-1.6.3.jar:/Users/slievens/.m2/repository/org/apache/maven/resolver/maven-resolver-impl/1.6.3/maven-resolver-impl-1.6.3.jar:/Users/slievens/.m2/repository/org/codehaus/plexus/plexus-utils/3.3.0/plexus-utils-3.3.0.jar:/Users/slievens/.m2/repository/org/apache/maven/resolver/maven-resolver-connector-basic/1.6.3/maven-resolver-connector-basic-1.6.3.jar:/Users/slievens/.m2/repository/org/apache/maven/resolver/maven-resolver-transport-wagon/1.6.3/maven-resolver-transport-wagon-1.6.3.jar:/Users/slievens/.m2/repository/org/apache/maven/wagon/wagon-http/3.5.1/wagon-http-3.5.1.jar:/Users/slievens/.m2/repository/org/apache/maven/wagon/wagon-http-shared/3.5.1/wagon-http-shared-3.5.1.jar:/Users/slievens/.m2/repository/org/apache/maven/wagon/wagon-provider-api/3.5.1/wagon-provider-api-3.5.1.jar:/Users/slievens/.m2/repository/org/apache/maven/wagon/wagon-file/3.5.1/wagon-file-3.5.1.jar:/Users/slievens/.m2/repository/io/quarkus/quarkus-bootstrap-gradle-resolver/2.16.2.Final/quarkus-bootstrap-gradle-resolver-2.16.2.Final.jar:/Users/slievens/.m2/repository/io/smallrye/jandex/3.0.5/jandex-3.0.5.jar:/Users/slievens/.m2/repository/org/jboss/logging/commons-logging-jboss-logging/1.0.0.Final/commons-logging-jboss-logging-1.0.0.Final.jar:/Users/slievens/.m2/repository/io/quarkus/quarkus-junit5-properties/2.16.2.Final/quarkus-junit5-properties-2.16.2.Final.jar:/Users/slievens/.m2/repository/org/junit/jupiter/junit-jupiter/5.9.2/junit-jupiter-5.9.2.jar:/Users/slievens/.m2/repository/org/junit/jupiter/junit-jupiter-api/5.9.2/junit-jupiter-api-5.9.2.jar:/Users/slievens/.m2/repository/org/opentest4j/opentest4j/1.2.0/opentest4j-1.2.0.jar:/Users/slievens/.m2/repository/org/junit/platform/junit-platform-commons/1.9.2/junit-platform-commons-1.9.2.jar:/Users/slievens/.m2/repository/org/apiguardian/apiguardian-api/1.1.2/apiguardian-api-1.1.2.jar:/Users/slievens/.m2/repository/org/junit/jupiter/junit-jupiter-params/5.9.2/junit-jupiter-params-5.9.2.jar:/Users/slievens/.m2/repository/org/junit/jupiter/junit-jupiter-engine/5.9.2/junit-jupiter-engine-5.9.2.jar:/Users/slievens/.m2/repository/org/junit/platform/junit-platform-engine/1.9.2/junit-platform-engine-1.9.2.jar:/Users/slievens/.m2/repository/com/thoughtworks/xstream/xstream/1.4.20/xstream-1.4.20.jar:/Users/slievens/.m2/repository/io/github/x-stream/mxparser/1.2.2/mxparser-1.2.2.jar:/Users/slievens/.m2/repository/xmlpull/xmlpull/1.1.3.1/xmlpull-1.1.3.1.jar:/Users/slievens/.m2/repository/io/rest-assured/rest-assured/4.5.1/rest-assured-4.5.1.jar:/Users/slievens/.m2/repository/org/codehaus/groovy/groovy/3.0.9/groovy-3.0.9.jar:/Users/slievens/.m2/repository/org/codehaus/groovy/groovy-xml/3.0.9/groovy-xml-3.0.9.jar:/Users/slievens/.m2/repository/org/apache/httpcomponents/httpclient/4.5.14/httpclient-4.5.14.jar:/Users/slievens/.m2/repository/org/apache/httpcomponents/httpcore/4.4.16/httpcore-4.4.16.jar:/Users/slievens/.m2/repository/commons-codec/commons-codec/1.15/commons-codec-1.15.jar:/Users/slievens/.m2/repository/org/apache/httpcomponents/httpmime/4.5.14/httpmime-4.5.14.jar:/Users/slievens/.m2/repository/org/hamcrest/hamcrest/2.1/hamcrest-2.1.jar:/Users/slievens/.m2/repository/org/ccil/cowan/tagsoup/tagsoup/1.2.1/tagsoup-1.2.1.jar:/Users/slievens/.m2/repository/io/rest-assured/json-path/4.5.1/json-path-4.5.1.jar:/Users/slievens/.m2/repository/org/codehaus/groovy/groovy-json/3.0.9/groovy-json-3.0.9.jar:/Users/slievens/.m2/repository/io/rest-assured/rest-assured-common/4.5.1/rest-assured-common-4.5.1.jar:/Users/slievens/.m2/repository/io/rest-assured/xml-path/4.5.1/xml-path-4.5.1.jar:/Users/slievens/.m2/repository/org/apache/commons/commons-lang3/3.12.0/commons-lang3-3.12.0.jar:"/>
    <property name="native.image.path" value="/Users/slievens/MacTools/CE/quarkus-projects/rest-book/target/rest-book-1.0-runner"/>
    <property name="java.vm.vendor" value="Homebrew"/>
    <property name="sun.arch.data.model" value="64"/>
    <property name="quarkusRegistryClient" value="true"/>
    <property name="java.vendor.url" value="https://github.com/Homebrew/homebrew-core/issues"/>
    <property name="user.timezone" value="Europe/Brussels"/>
    <property name="os.name" value="Mac OS X"/>
    <property name="java.vm.specification.version" value="17"/>
    <property name="sun.java.launcher" value="SUN_STANDARD"/>
    <property name="user.country" value="BE"/>
    <property name="sun.boot.library.path" value="/opt/homebrew/Cellar/openjdk@17/17.0.6/libexec/openjdk.jdk/Contents/Home/lib"/>
    <property name="sun.java.command" value="/Users/slievens/MacTools/CE/quarkus-projects/rest-book/target/surefire/surefirebooter-20230215095033812_3.jar /Users/slievens/MacTools/CE/quarkus-projects/rest-book/target/surefire 2023-02-15T09-50-33_782-jvmRun1 surefire-20230215095033812_1tmp surefire_0-20230215095033812_2tmp"/>
    <property name="http.nonProxyHosts" value="local|*.local|169.254/16|*.169.254/16"/>
    <property name="jdk.debug" value="release"/>
    <property name="maven.home" value="/Users/slievens/.m2/wrapper/dists/apache-maven-3.8.6-bin/67568434/apache-maven-3.8.6"/>
    <property name="surefire.test.class.path" value="/Users/slievens/MacTools/CE/quarkus-projects/rest-book/target/test-classes:/Users/slievens/MacTools/CE/quarkus-projects/rest-book/target/rest-book-1.0.jar:/Users/slievens/.m2/repository/io/quarkus/quarkus-resteasy-jsonb/2.16.2.Final/quarkus-resteasy-jsonb-2.16.2.Final.jar:/Users/slievens/.m2/repository/io/quarkus/quarkus-jsonb/2.16.2.Final/quarkus-jsonb-2.16.2.Final.jar:/Users/slievens/.m2/repository/org/eclipse/yasson/1.0.11/yasson-1.0.11.jar:/Users/slievens/.m2/repository/io/quarkus/quarkus-jsonp/2.16.2.Final/quarkus-jsonp-2.16.2.Final.jar:/Users/slievens/.m2/repository/org/glassfish/jakarta.json/1.1.6/jakarta.json-1.1.6.jar:/Users/slievens/.m2/repository/org/jboss/resteasy/resteasy-json-binding-provider/4.7.7.Final/resteasy-json-binding-provider-4.7.7.Final.jar:/Users/slievens/.m2/repository/jakarta/json/bind/jakarta.json.bind-api/1.0.2/jakarta.json.bind-api-1.0.2.jar:/Users/slievens/.m2/repository/org/jboss/logging/jboss-logging/3.5.0.Final/jboss-logging-3.5.0.Final.jar:/Users/slievens/.m2/repository/org/jboss/resteasy/resteasy-json-p-provider/4.7.7.Final/resteasy-json-p-provider-4.7.7.Final.jar:/Users/slievens/.m2/repository/commons-io/commons-io/2.11.0/commons-io-2.11.0.jar:/Users/slievens/.m2/repository/io/quarkus/quarkus-arc/2.16.2.Final/quarkus-arc-2.16.2.Final.jar:/Users/slievens/.m2/repository/io/quarkus/arc/arc/2.16.2.Final/arc-2.16.2.Final.jar:/Users/slievens/.m2/repository/jakarta/enterprise/jakarta.enterprise.cdi-api/2.0.2/jakarta.enterprise.cdi-api-2.0.2.jar:/Users/slievens/.m2/repository/jakarta/el/jakarta.el-api/3.0.3/jakarta.el-api-3.0.3.jar:/Users/slievens/.m2/repository/jakarta/interceptor/jakarta.interceptor-api/1.2.5/jakarta.interceptor-api-1.2.5.jar:/Users/slievens/.m2/repository/jakarta/annotation/jakarta.annotation-api/1.3.5/jakarta.annotation-api-1.3.5.jar:/Users/slievens/.m2/repository/jakarta/transaction/jakarta.transaction-api/1.3.3/jakarta.transaction-api-1.3.3.jar:/Users/slievens/.m2/repository/io/smallrye/reactive/mutiny/1.9.0/mutiny-1.9.0.jar:/Users/slievens/.m2/repository/org/reactivestreams/reactive-streams/1.0.3/reactive-streams-1.0.3.jar:/Users/slievens/.m2/repository/io/smallrye/common/smallrye-common-annotation/1.13.2/smallrye-common-annotation-1.13.2.jar:/Users/slievens/.m2/repository/io/quarkus/quarkus-core/2.16.2.Final/quarkus-core-2.16.2.Final.jar:/Users/slievens/.m2/repository/jakarta/inject/jakarta.inject-api/1.0/jakarta.inject-api-1.0.jar:/Users/slievens/.m2/repository/io/quarkus/quarkus-ide-launcher/2.16.2.Final/quarkus-ide-launcher-2.16.2.Final.jar:/Users/slievens/.m2/repository/io/quarkus/quarkus-development-mode-spi/2.16.2.Final/quarkus-development-mode-spi-2.16.2.Final.jar:/Users/slievens/.m2/repository/io/smallrye/config/smallrye-config/2.13.2/smallrye-config-2.13.2.jar:/Users/slievens/.m2/repository/io/smallrye/config/smallrye-config-core/2.13.2/smallrye-config-core-2.13.2.jar:/Users/slievens/.m2/repository/org/eclipse/microprofile/config/microprofile-config-api/2.0.1/microprofile-config-api-2.0.1.jar:/Users/slievens/.m2/repository/io/smallrye/common/smallrye-common-expression/1.13.2/smallrye-common-expression-1.13.2.jar:/Users/slievens/.m2/repository/io/smallrye/common/smallrye-common-function/1.13.2/smallrye-common-function-1.13.2.jar:/Users/slievens/.m2/repository/io/smallrye/common/smallrye-common-classloader/1.13.2/smallrye-common-classloader-1.13.2.jar:/Users/slievens/.m2/repository/io/smallrye/config/smallrye-config-common/2.13.2/smallrye-config-common-2.13.2.jar:/Users/slievens/.m2/repository/org/jboss/logmanager/jboss-logmanager-embedded/1.0.11/jboss-logmanager-embedded-1.0.11.jar:/Users/slievens/.m2/repository/org/jboss/logging/jboss-logging-annotations/2.2.1.Final/jboss-logging-annotations-2.2.1.Final.jar:/Users/slievens/.m2/repository/org/jboss/threads/jboss-threads/3.4.3.Final/jboss-threads-3.4.3.Final.jar:/Users/slievens/.m2/repository/org/slf4j/slf4j-api/1.7.36/slf4j-api-1.7.36.jar:/Users/slievens/.m2/repository/org/jboss/slf4j/slf4j-jboss-logmanager/1.2.0.Final/slf4j-jboss-logmanager-1.2.0.Final.jar:/Users/slievens/.m2/repository/org/graalvm/sdk/graal-sdk/22.3.0/graal-sdk-22.3.0.jar:/Users/slievens/.m2/repository/org/wildfly/common/wildfly-common/1.5.4.Final-format-001/wildfly-common-1.5.4.Final-format-001.jar:/Users/slievens/.m2/repository/io/quarkus/quarkus-bootstrap-runner/2.16.2.Final/quarkus-bootstrap-runner-2.16.2.Final.jar:/Users/slievens/.m2/repository/io/quarkus/quarkus-fs-util/0.0.9/quarkus-fs-util-0.0.9.jar:/Users/slievens/.m2/repository/org/eclipse/microprofile/context-propagation/microprofile-context-propagation-api/1.2/microprofile-context-propagation-api-1.2.jar:/Users/slievens/.m2/repository/io/quarkus/quarkus-resteasy/2.16.2.Final/quarkus-resteasy-2.16.2.Final.jar:/Users/slievens/.m2/repository/io/quarkus/quarkus-vertx-http/2.16.2.Final/quarkus-vertx-http-2.16.2.Final.jar:/Users/slievens/.m2/repository/io/quarkus/quarkus-security-runtime-spi/2.16.2.Final/quarkus-security-runtime-spi-2.16.2.Final.jar:/Users/slievens/.m2/repository/io/quarkus/quarkus-credentials/2.16.2.Final/quarkus-credentials-2.16.2.Final.jar:/Users/slievens/.m2/repository/io/quarkus/quarkus-mutiny/2.16.2.Final/quarkus-mutiny-2.16.2.Final.jar:/Users/slievens/.m2/repository/io/quarkus/quarkus-smallrye-context-propagation/2.16.2.Final/quarkus-smallrye-context-propagation-2.16.2.Final.jar:/Users/slievens/.m2/repository/io/smallrye/smallrye-context-propagation/1.2.2/smallrye-context-propagation-1.2.2.jar:/Users/slievens/.m2/repository/io/smallrye/smallrye-context-propagation-api/1.2.2/smallrye-context-propagation-api-1.2.2.jar:/Users/slievens/.m2/repository/io/smallrye/smallrye-context-propagation-storage/1.2.2/smallrye-context-propagation-storage-1.2.2.jar:/Users/slievens/.m2/repository/io/smallrye/reactive/mutiny-smallrye-context-propagation/1.9.0/mutiny-smallrye-context-propagation-1.9.0.jar:/Users/slievens/.m2/repository/io/smallrye/common/smallrye-common-vertx-context/1.13.2/smallrye-common-vertx-context-1.13.2.jar:/Users/slievens/.m2/repository/io/vertx/vertx-core/4.3.7/vertx-core-4.3.7.jar:/Users/slievens/.m2/repository/io/netty/netty-common/4.1.86.Final/netty-common-4.1.86.Final.jar:/Users/slievens/.m2/repository/io/netty/netty-buffer/4.1.86.Final/netty-buffer-4.1.86.Final.jar:/Users/slievens/.m2/repository/io/netty/netty-transport/4.1.86.Final/netty-transport-4.1.86.Final.jar:/Users/slievens/.m2/repository/io/netty/netty-handler/4.1.86.Final/netty-handler-4.1.86.Final.jar:/Users/slievens/.m2/repository/io/netty/netty-transport-native-unix-common/4.1.86.Final/netty-transport-native-unix-common-4.1.86.Final.jar:/Users/slievens/.m2/repository/io/netty/netty-handler-proxy/4.1.86.Final/netty-handler-proxy-4.1.86.Final.jar:/Users/slievens/.m2/repository/io/netty/netty-codec-socks/4.1.86.Final/netty-codec-socks-4.1.86.Final.jar:/Users/slievens/.m2/repository/io/netty/netty-codec-http/4.1.86.Final/netty-codec-http-4.1.86.Final.jar:/Users/slievens/.m2/repository/io/netty/netty-codec-http2/4.1.86.Final/netty-codec-http2-4.1.86.Final.jar:/Users/slievens/.m2/repository/io/netty/netty-resolver/4.1.86.Final/netty-resolver-4.1.86.Final.jar:/Users/slievens/.m2/repository/io/netty/netty-resolver-dns/4.1.86.Final/netty-resolver-dns-4.1.86.Final.jar:/Users/slievens/.m2/repository/io/netty/netty-codec-dns/4.1.86.Final/netty-codec-dns-4.1.86.Final.jar:/Users/slievens/.m2/repository/com/fasterxml/jackson/core/jackson-core/2.14.2/jackson-core-2.14.2.jar:/Users/slievens/.m2/repository/io/smallrye/common/smallrye-common-constraint/1.13.2/smallrye-common-constraint-1.13.2.jar:/Users/slievens/.m2/repository/io/quarkus/quarkus-vertx-http-dev-console-runtime-spi/2.16.2.Final/quarkus-vertx-http-dev-console-runtime-spi-2.16.2.Final.jar:/Users/slievens/.m2/repository/io/quarkus/security/quarkus-security/1.1.4.Final/quarkus-security-1.1.4.Final.jar:/Users/slievens/.m2/repository/io/quarkus/quarkus-vertx/2.16.2.Final/quarkus-vertx-2.16.2.Final.jar:/Users/slievens/.m2/repository/io/quarkus/quarkus-netty/2.16.2.Final/quarkus-netty-2.16.2.Final.jar:/Users/slievens/.m2/repository/io/netty/netty-codec/4.1.86.Final/netty-codec-4.1.86.Final.jar:/Users/slievens/.m2/repository/com/aayushatharva/brotli4j/brotli4j/1.8.0/brotli4j-1.8.0.jar:/Users/slievens/.m2/repository/com/aayushatharva/brotli4j/native-osx-aarch64/1.8.0/native-osx-aarch64-1.8.0.jar:/Users/slievens/.m2/repository/io/netty/netty-codec-haproxy/4.1.86.Final/netty-codec-haproxy-4.1.86.Final.jar:/Users/slievens/.m2/repository/io/quarkus/quarkus-vertx-latebound-mdc-provider/2.16.2.Final/quarkus-vertx-latebound-mdc-provider-2.16.2.Final.jar:/Users/slievens/.m2/repository/io/smallrye/reactive/smallrye-mutiny-vertx-core/2.30.1/smallrye-mutiny-vertx-core-2.30.1.jar:/Users/slievens/.m2/repository/io/smallrye/reactive/smallrye-mutiny-vertx-runtime/2.30.1/smallrye-mutiny-vertx-runtime-2.30.1.jar:/Users/slievens/.m2/repository/io/smallrye/reactive/vertx-mutiny-generator/2.30.1/vertx-mutiny-generator-2.30.1.jar:/Users/slievens/.m2/repository/io/vertx/vertx-codegen/4.3.7/vertx-codegen-4.3.7.jar:/Users/slievens/.m2/repository/io/smallrye/smallrye-fault-tolerance-vertx/5.6.0/smallrye-fault-tolerance-vertx-5.6.0.jar:/Users/slievens/.m2/repository/io/smallrye/reactive/smallrye-mutiny-vertx-web/2.30.1/smallrye-mutiny-vertx-web-2.30.1.jar:/Users/slievens/.m2/repository/io/smallrye/reactive/smallrye-mutiny-vertx-web-common/2.30.1/smallrye-mutiny-vertx-web-common-2.30.1.jar:/Users/slievens/.m2/repository/io/smallrye/reactive/smallrye-mutiny-vertx-auth-common/2.30.1/smallrye-mutiny-vertx-auth-common-2.30.1.jar:/Users/slievens/.m2/repository/io/smallrye/reactive/smallrye-mutiny-vertx-bridge-common/2.30.1/smallrye-mutiny-vertx-bridge-common-2.30.1.jar:/Users/slievens/.m2/repository/io/smallrye/reactive/smallrye-mutiny-vertx-uri-template/2.30.1/smallrye-mutiny-vertx-uri-template-2.30.1.jar:/Users/slievens/.m2/repository/io/vertx/vertx-uri-template/4.3.7/vertx-uri-template-4.3.7.jar:/Users/slievens/.m2/repository/io/vertx/vertx-web/4.3.7/vertx-web-4.3.7.jar:/Users/slievens/.m2/repository/io/vertx/vertx-web-common/4.3.7/vertx-web-common-4.3.7.jar:/Users/slievens/.m2/repository/io/vertx/vertx-auth-common/4.3.7/vertx-auth-common-4.3.7.jar:/Users/slievens/.m2/repository/io/vertx/vertx-bridge-common/4.3.7/vertx-bridge-common-4.3.7.jar:/Users/slievens/.m2/repository/io/github/crac/org-crac/0.1.3/org-crac-0.1.3.jar:/Users/slievens/.m2/repository/io/quarkus/quarkus-resteasy-server-common/2.16.2.Final/quarkus-resteasy-server-common-2.16.2.Final.jar:/Users/slievens/.m2/repository/io/quarkus/quarkus-resteasy-common/2.16.2.Final/quarkus-resteasy-common-2.16.2.Final.jar:/Users/slievens/.m2/repository/org/jboss/resteasy/resteasy-core/4.7.7.Final/resteasy-core-4.7.7.Final.jar:/Users/slievens/.m2/repository/org/jboss/spec/javax/ws/rs/jboss-jaxrs-api_2.1_spec/2.0.1.Final/jboss-jaxrs-api_2.1_spec-2.0.1.Final.jar:/Users/slievens/.m2/repository/org/jboss/spec/javax/xml/bind/jboss-jaxb-api_2.3_spec/2.0.0.Final/jboss-jaxb-api_2.3_spec-2.0.0.Final.jar:/Users/slievens/.m2/repository/org/jboss/resteasy/resteasy-core-spi/4.7.7.Final/resteasy-core-spi-4.7.7.Final.jar:/Users/slievens/.m2/repository/com/ibm/async/asyncutil/0.1.0/asyncutil-0.1.0.jar:/Users/slievens/.m2/repository/com/sun/activation/jakarta.activation/1.2.1/jakarta.activation-1.2.1.jar:/Users/slievens/.m2/repository/jakarta/validation/jakarta.validation-api/2.0.2/jakarta.validation-api-2.0.2.jar:/Users/slievens/.m2/repository/io/quarkus/quarkus-container-image-docker/2.16.2.Final/quarkus-container-image-docker-2.16.2.Final.jar:/Users/slievens/.m2/repository/io/quarkus/quarkus-container-image/2.16.2.Final/quarkus-container-image-2.16.2.Final.jar:/Users/slievens/.m2/repository/io/quarkus/quarkus-junit5/2.16.2.Final/quarkus-junit5-2.16.2.Final.jar:/Users/slievens/.m2/repository/io/quarkus/quarkus-bootstrap-core/2.16.2.Final/quarkus-bootstrap-core-2.16.2.Final.jar:/Users/slievens/.m2/repository/io/quarkus/quarkus-bootstrap-app-model/2.16.2.Final/quarkus-bootstrap-app-model-2.16.2.Final.jar:/Users/slievens/.m2/repository/io/smallrye/common/smallrye-common-io/1.13.2/smallrye-common-io-1.13.2.jar:/Users/slievens/.m2/repository/org/eclipse/sisu/org.eclipse.sisu.inject/0.3.5/org.eclipse.sisu.inject-0.3.5.jar:/Users/slievens/.m2/repository/io/quarkus/quarkus-test-common/2.16.2.Final/quarkus-test-common-2.16.2.Final.jar:/Users/slievens/.m2/repository/io/quarkus/quarkus-core-deployment/2.16.2.Final/quarkus-core-deployment-2.16.2.Final.jar:/Users/slievens/.m2/repository/org/aesh/readline/2.2/readline-2.2.jar:/Users/slievens/.m2/repository/org/fusesource/jansi/jansi/1.18/jansi-1.18.jar:/Users/slievens/.m2/repository/org/aesh/aesh/2.7/aesh-2.7.jar:/Users/slievens/.m2/repository/io/quarkus/gizmo/gizmo/1.6.0.Final/gizmo-1.6.0.Final.jar:/Users/slievens/.m2/repository/org/ow2/asm/asm-util/9.4/asm-util-9.4.jar:/Users/slievens/.m2/repository/org/ow2/asm/asm-analysis/9.4/asm-analysis-9.4.jar:/Users/slievens/.m2/repository/org/ow2/asm/asm/9.4/asm-9.4.jar:/Users/slievens/.m2/repository/org/ow2/asm/asm-commons/9.4/asm-commons-9.4.jar:/Users/slievens/.m2/repository/org/ow2/asm/asm-tree/9.4/asm-tree-9.4.jar:/Users/slievens/.m2/repository/io/quarkus/quarkus-class-change-agent/2.16.2.Final/quarkus-class-change-agent-2.16.2.Final.jar:/Users/slievens/.m2/repository/io/quarkus/quarkus-devtools-utilities/2.16.2.Final/quarkus-devtools-utilities-2.16.2.Final.jar:/Users/slievens/.m2/repository/io/quarkus/quarkus-builder/2.16.2.Final/quarkus-builder-2.16.2.Final.jar:/Users/slievens/.m2/repository/org/junit/platform/junit-platform-launcher/1.9.2/junit-platform-launcher-1.9.2.jar:/Users/slievens/.m2/repository/io/quarkus/quarkus-bootstrap-maven-resolver/2.16.2.Final/quarkus-bootstrap-maven-resolver-2.16.2.Final.jar:/Users/slievens/.m2/repository/org/apache/maven/maven-embedder/3.8.6/maven-embedder-3.8.6.jar:/Users/slievens/.m2/repository/org/apache/maven/maven-settings/3.8.6/maven-settings-3.8.6.jar:/Users/slievens/.m2/repository/org/apache/maven/maven-core/3.8.6/maven-core-3.8.6.jar:/Users/slievens/.m2/repository/org/apache/maven/maven-artifact/3.8.6/maven-artifact-3.8.6.jar:/Users/slievens/.m2/repository/org/codehaus/plexus/plexus-component-annotations/2.1.0/plexus-component-annotations-2.1.0.jar:/Users/slievens/.m2/repository/org/apache/maven/maven-plugin-api/3.8.6/maven-plugin-api-3.8.6.jar:/Users/slievens/.m2/repository/org/apache/maven/maven-model/3.8.6/maven-model-3.8.6.jar:/Users/slievens/.m2/repository/org/apache/maven/maven-model-builder/3.8.6/maven-model-builder-3.8.6.jar:/Users/slievens/.m2/repository/org/apache/maven/maven-builder-support/3.8.6/maven-builder-support-3.8.6.jar:/Users/slievens/.m2/repository/org/apache/maven/resolver/maven-resolver-api/1.6.3/maven-resolver-api-1.6.3.jar:/Users/slievens/.m2/repository/org/apache/maven/resolver/maven-resolver-util/1.6.3/maven-resolver-util-1.6.3.jar:/Users/slievens/.m2/repository/org/apache/maven/shared/maven-shared-utils/3.3.4/maven-shared-utils-3.3.4.jar:/Users/slievens/.m2/repository/com/google/inject/guice/4.2.2/guice-4.2.2-no_aop.jar:/Users/slievens/.m2/repository/com/google/guava/guava/31.1-jre/guava-31.1-jre.jar:/Users/slievens/.m2/repository/com/google/guava/failureaccess/1.0.1/failureaccess-1.0.1.jar:/Users/slievens/.m2/repository/org/codehaus/plexus/plexus-classworlds/2.6.0/plexus-classworlds-2.6.0.jar:/Users/slievens/.m2/repository/org/codehaus/plexus/plexus-sec-dispatcher/2.0/plexus-sec-dispatcher-2.0.jar:/Users/slievens/.m2/repository/org/codehaus/plexus/plexus-cipher/2.0/plexus-cipher-2.0.jar:/Users/slievens/.m2/repository/commons-cli/commons-cli/1.4/commons-cli-1.4.jar:/Users/slievens/.m2/repository/org/eclipse/sisu/org.eclipse.sisu.plexus/0.3.5/org.eclipse.sisu.plexus-0.3.5.jar:/Users/slievens/.m2/repository/org/apache/maven/maven-settings-builder/3.8.6/maven-settings-builder-3.8.6.jar:/Users/slievens/.m2/repository/org/codehaus/plexus/plexus-interpolation/1.26/plexus-interpolation-1.26.jar:/Users/slievens/.m2/repository/org/apache/maven/maven-resolver-provider/3.8.6/maven-resolver-provider-3.8.6.jar:/Users/slievens/.m2/repository/org/apache/maven/maven-repository-metadata/3.8.6/maven-repository-metadata-3.8.6.jar:/Users/slievens/.m2/repository/org/apache/maven/resolver/maven-resolver-spi/1.6.3/maven-resolver-spi-1.6.3.jar:/Users/slievens/.m2/repository/org/apache/maven/resolver/maven-resolver-impl/1.6.3/maven-resolver-impl-1.6.3.jar:/Users/slievens/.m2/repository/org/codehaus/plexus/plexus-utils/3.3.0/plexus-utils-3.3.0.jar:/Users/slievens/.m2/repository/org/apache/maven/resolver/maven-resolver-connector-basic/1.6.3/maven-resolver-connector-basic-1.6.3.jar:/Users/slievens/.m2/repository/org/apache/maven/resolver/maven-resolver-transport-wagon/1.6.3/maven-resolver-transport-wagon-1.6.3.jar:/Users/slievens/.m2/repository/org/apache/maven/wagon/wagon-http/3.5.1/wagon-http-3.5.1.jar:/Users/slievens/.m2/repository/org/apache/maven/wagon/wagon-http-shared/3.5.1/wagon-http-shared-3.5.1.jar:/Users/slievens/.m2/repository/org/apache/maven/wagon/wagon-provider-api/3.5.1/wagon-provider-api-3.5.1.jar:/Users/slievens/.m2/repository/org/apache/maven/wagon/wagon-file/3.5.1/wagon-file-3.5.1.jar:/Users/slievens/.m2/repository/io/quarkus/quarkus-bootstrap-gradle-resolver/2.16.2.Final/quarkus-bootstrap-gradle-resolver-2.16.2.Final.jar:/Users/slievens/.m2/repository/io/smallrye/jandex/3.0.5/jandex-3.0.5.jar:/Users/slievens/.m2/repository/org/jboss/logging/commons-logging-jboss-logging/1.0.0.Final/commons-logging-jboss-logging-1.0.0.Final.jar:/Users/slievens/.m2/repository/io/quarkus/quarkus-junit5-properties/2.16.2.Final/quarkus-junit5-properties-2.16.2.Final.jar:/Users/slievens/.m2/repository/org/junit/jupiter/junit-jupiter/5.9.2/junit-jupiter-5.9.2.jar:/Users/slievens/.m2/repository/org/junit/jupiter/junit-jupiter-api/5.9.2/junit-jupiter-api-5.9.2.jar:/Users/slievens/.m2/repository/org/opentest4j/opentest4j/1.2.0/opentest4j-1.2.0.jar:/Users/slievens/.m2/repository/org/junit/platform/junit-platform-commons/1.9.2/junit-platform-commons-1.9.2.jar:/Users/slievens/.m2/repository/org/apiguardian/apiguardian-api/1.1.2/apiguardian-api-1.1.2.jar:/Users/slievens/.m2/repository/org/junit/jupiter/junit-jupiter-params/5.9.2/junit-jupiter-params-5.9.2.jar:/Users/slievens/.m2/repository/org/junit/jupiter/junit-jupiter-engine/5.9.2/junit-jupiter-engine-5.9.2.jar:/Users/slievens/.m2/repository/org/junit/platform/junit-platform-engine/1.9.2/junit-platform-engine-1.9.2.jar:/Users/slievens/.m2/repository/com/thoughtworks/xstream/xstream/1.4.20/xstream-1.4.20.jar:/Users/slievens/.m2/repository/io/github/x-stream/mxparser/1.2.2/mxparser-1.2.2.jar:/Users/slievens/.m2/repository/xmlpull/xmlpull/1.1.3.1/xmlpull-1.1.3.1.jar:/Users/slievens/.m2/repository/io/rest-assured/rest-assured/4.5.1/rest-assured-4.5.1.jar:/Users/slievens/.m2/repository/org/codehaus/groovy/groovy/3.0.9/groovy-3.0.9.jar:/Users/slievens/.m2/repository/org/codehaus/groovy/groovy-xml/3.0.9/groovy-xml-3.0.9.jar:/Users/slievens/.m2/repository/org/apache/httpcomponents/httpclient/4.5.14/httpclient-4.5.14.jar:/Users/slievens/.m2/repository/org/apache/httpcomponents/httpcore/4.4.16/httpcore-4.4.16.jar:/Users/slievens/.m2/repository/commons-codec/commons-codec/1.15/commons-codec-1.15.jar:/Users/slievens/.m2/repository/org/apache/httpcomponents/httpmime/4.5.14/httpmime-4.5.14.jar:/Users/slievens/.m2/repository/org/hamcrest/hamcrest/2.1/hamcrest-2.1.jar:/Users/slievens/.m2/repository/org/ccil/cowan/tagsoup/tagsoup/1.2.1/tagsoup-1.2.1.jar:/Users/slievens/.m2/repository/io/rest-assured/json-path/4.5.1/json-path-4.5.1.jar:/Users/slievens/.m2/repository/org/codehaus/groovy/groovy-json/3.0.9/groovy-json-3.0.9.jar:/Users/slievens/.m2/repository/io/rest-assured/rest-assured-common/4.5.1/rest-assured-common-4.5.1.jar:/Users/slievens/.m2/repository/io/rest-assured/xml-path/4.5.1/xml-path-4.5.1.jar:/Users/slievens/.m2/repository/org/apache/commons/commons-lang3/3.12.0/commons-lang3-3.12.0.jar:"/>
    <property name="sun.cpu.endian" value="little"/>
    <property name="user.home" value="/Users/slievens"/>
    <property name="user.language" value="nl"/>
    <property name="jboss.log-version" value="false"/>
    <property name="java.specification.vendor" value="Oracle Corporation"/>
    <property name="java.version.date" value="2023-01-17"/>
    <property name="java.home" value="/opt/homebrew/Cellar/openjdk@17/17.0.6/libexec/openjdk.jdk/Contents/Home"/>
    <property name="file.separator" value="/"/>
    <property name="style.color" value="always"/>
    <property name="basedir" value="/Users/slievens/MacTools/CE/quarkus-projects/rest-book"/>
    <property name="java.vm.compressedOopsMode" value="Zero based"/>
    <property name="line.separator" value="&#10;"/>
    <property name="java.vm.specification.vendor" value="Oracle Corporation"/>
    <property name="java.specification.name" value="Java Platform API Specification"/>
    <property name="surefire.real.class.path" value="/Users/slievens/MacTools/CE/quarkus-projects/rest-book/target/surefire/surefirebooter-20230215095033812_3.jar"/>
    <property name="sun.management.compiler" value="HotSpot 64-Bit Tiered Compilers"/>
    <property name="ftp.nonProxyHosts" value="local|*.local|169.254/16|*.169.254/16"/>
    <property name="java.runtime.version" value="17.0.6+0"/>
    <property name="user.name" value="slievens"/>
    <property name="path.separator" value=":"/>
    <property name="quarkus.native.remote-container-build" value="true"/>
    <property name="os.version" value="13.1"/>
    <property name="java.runtime.name" value="OpenJDK Runtime Environment"/>
    <property name="file.encoding" value="UTF-8"/>
    <property name="native" value="true"/>
    <property name="java.vm.name" value="OpenJDK 64-Bit Server VM"/>
    <property name="java.vendor.version" value="Homebrew"/>
    <property name="localRepository" value="/Users/slievens/.m2/repository"/>
    <property name="java.vendor.url.bug" value="https://github.com/Homebrew/homebrew-core/issues"/>
    <property name="java.io.tmpdir" value="/var/folders/m_/t5xv33sx0d3bnrgk8jvwh4l80000gn/T/"/>
    <property name="java.version" value="17.0.6"/>
    <property name="user.dir" value="/Users/slievens/MacTools/CE/quarkus-projects/rest-book"/>
    <property name="os.arch" value="aarch64"/>
    <property name="java.vm.specification.name" value="Java Virtual Machine Specification"/>
    <property name="native.encoding" value="UTF-8"/>
    <property name="java.util.logging.manager" value="org.jboss.logmanager.LogManager"/>
    <property name="java.library.path" value="/Users/slievens/Library/Java/Extensions:/Library/Java/Extensions:/Network/Library/Java/Extensions:/System/Library/Java/Extensions:/usr/lib/java:."/>
    <property name="java.vm.info" value="mixed mode, sharing"/>
    <property name="java.vendor" value="Homebrew"/>
    <property name="java.vm.version" value="17.0.6+0"/>
    <property name="sun.io.unicode.encoding" value="UnicodeBig"/>
    <property name="socksNonProxyHosts" value="local|*.local|169.254/16|*.169.254/16"/>
    <property name="java.class.version" value="61.0"/>
    <property name="quarkus.native.native-image-xmx" value="8g"/>
  </properties>
  <testcase name="testHelloEndpoint" classname="org.ibm.ce.quarkus.starting.BookResourceIT" time="0.004">
    <error message="java.lang.RuntimeException: Unable to successfully launch process &apos;7635&apos;. Exit code is: &apos;126&apos;.&#10;This may be caused by building the native binary in a Linux container while the host is macOS." type="java.lang.RuntimeException"><![CDATA[java.lang.RuntimeException: 
java.lang.RuntimeException: Unable to successfully launch process '7635'. Exit code is: '126'.
This may be caused by building the native binary in a Linux container while the host is macOS.
	at io.quarkus.test.junit.QuarkusIntegrationTestExtension.throwBootFailureException(QuarkusIntegrationTestExtension.java:337)
	at io.quarkus.test.junit.QuarkusIntegrationTestExtension.beforeEach(QuarkusIntegrationTestExtension.java:110)
	at org.junit.jupiter.engine.descriptor.TestMethodTestDescriptor.lambda$invokeBeforeEachCallbacks$2(TestMethodTestDescriptor.java:166)
	at org.junit.jupiter.engine.descriptor.TestMethodTestDescriptor.lambda$invokeBeforeMethodsOrCallbacksUntilExceptionOccurs$6(TestMethodTestDescriptor.java:202)
	at org.junit.platform.engine.support.hierarchical.ThrowableCollector.execute(ThrowableCollector.java:73)
	at org.junit.jupiter.engine.descriptor.TestMethodTestDescriptor.invokeBeforeMethodsOrCallbacksUntilExceptionOccurs(TestMethodTestDescriptor.java:202)
	at org.junit.jupiter.engine.descriptor.TestMethodTestDescriptor.invokeBeforeEachCallbacks(TestMethodTestDescriptor.java:165)
	at org.junit.jupiter.engine.descriptor.TestMethodTestDescriptor.execute(TestMethodTestDescriptor.java:132)
	at org.junit.jupiter.engine.descriptor.TestMethodTestDescriptor.execute(TestMethodTestDescriptor.java:68)
	at org.junit.platform.engine.support.hierarchical.NodeTestTask.lambda$executeRecursively$6(NodeTestTask.java:151)
	at org.junit.platform.engine.support.hierarchical.ThrowableCollector.execute(ThrowableCollector.java:73)
	at org.junit.platform.engine.support.hierarchical.NodeTestTask.lambda$executeRecursively$8(NodeTestTask.java:141)
	at org.junit.platform.engine.support.hierarchical.Node.around(Node.java:137)
	at org.junit.platform.engine.support.hierarchical.NodeTestTask.lambda$executeRecursively$9(NodeTestTask.java:139)
	at org.junit.platform.engine.support.hierarchical.ThrowableCollector.execute(ThrowableCollector.java:73)
	at org.junit.platform.engine.support.hierarchical.NodeTestTask.executeRecursively(NodeTestTask.java:138)
	at org.junit.platform.engine.support.hierarchical.NodeTestTask.execute(NodeTestTask.java:95)
	at java.base/java.util.ArrayList.forEach(ArrayList.java:1511)
	at org.junit.platform.engine.support.hierarchical.SameThreadHierarchicalTestExecutorService.invokeAll(SameThreadHierarchicalTestExecutorService.java:41)
	at org.junit.platform.engine.support.hierarchical.NodeTestTask.lambda$executeRecursively$6(NodeTestTask.java:155)
	at org.junit.platform.engine.support.hierarchical.ThrowableCollector.execute(ThrowableCollector.java:73)
	at org.junit.platform.engine.support.hierarchical.NodeTestTask.lambda$executeRecursively$8(NodeTestTask.java:141)
	at org.junit.platform.engine.support.hierarchical.Node.around(Node.java:137)
	at org.junit.platform.engine.support.hierarchical.NodeTestTask.lambda$executeRecursively$9(NodeTestTask.java:139)
	at org.junit.platform.engine.support.hierarchical.ThrowableCollector.execute(ThrowableCollector.java:73)
	at org.junit.platform.engine.support.hierarchical.NodeTestTask.executeRecursively(NodeTestTask.java:138)
	at org.junit.platform.engine.support.hierarchical.NodeTestTask.execute(NodeTestTask.java:95)
	at java.base/java.util.ArrayList.forEach(ArrayList.java:1511)
	at org.junit.platform.engine.support.hierarchical.SameThreadHierarchicalTestExecutorService.invokeAll(SameThreadHierarchicalTestExecutorService.java:41)
	at org.junit.platform.engine.support.hierarchical.NodeTestTask.lambda$executeRecursively$6(NodeTestTask.java:155)
	at org.junit.platform.engine.support.hierarchical.ThrowableCollector.execute(ThrowableCollector.java:73)
	at org.junit.platform.engine.support.hierarchical.NodeTestTask.lambda$executeRecursively$8(NodeTestTask.java:141)
	at org.junit.platform.engine.support.hierarchical.Node.around(Node.java:137)
	at org.junit.platform.engine.support.hierarchical.NodeTestTask.lambda$executeRecursively$9(NodeTestTask.java:139)
	at org.junit.platform.engine.support.hierarchical.ThrowableCollector.execute(ThrowableCollector.java:73)
	at org.junit.platform.engine.support.hierarchical.NodeTestTask.executeRecursively(NodeTestTask.java:138)
	at org.junit.platform.engine.support.hierarchical.NodeTestTask.execute(NodeTestTask.java:95)
	at org.junit.platform.engine.support.hierarchical.SameThreadHierarchicalTestExecutorService.submit(SameThreadHierarchicalTestExecutorService.java:35)
	at org.junit.platform.engine.support.hierarchical.HierarchicalTestExecutor.execute(HierarchicalTestExecutor.java:57)
	at org.junit.platform.engine.support.hierarchical.HierarchicalTestEngine.execute(HierarchicalTestEngine.java:54)
	at org.junit.platform.launcher.core.EngineExecutionOrchestrator.execute(EngineExecutionOrchestrator.java:147)
	at org.junit.platform.launcher.core.EngineExecutionOrchestrator.execute(EngineExecutionOrchestrator.java:127)
	at org.junit.platform.launcher.core.EngineExecutionOrchestrator.execute(EngineExecutionOrchestrator.java:90)
	at org.junit.platform.launcher.core.EngineExecutionOrchestrator.lambda$execute$0(EngineExecutionOrchestrator.java:55)
	at org.junit.platform.launcher.core.EngineExecutionOrchestrator.withInterceptedStreams(EngineExecutionOrchestrator.java:102)
	at org.junit.platform.launcher.core.EngineExecutionOrchestrator.execute(EngineExecutionOrchestrator.java:54)
	at org.junit.platform.launcher.core.DefaultLauncher.execute(DefaultLauncher.java:114)
	at org.junit.platform.launcher.core.DefaultLauncher.execute(DefaultLauncher.java:86)
	at org.junit.platform.launcher.core.DefaultLauncherSession$DelegatingLauncher.execute(DefaultLauncherSession.java:86)
	at org.apache.maven.surefire.junitplatform.LazyLauncher.execute(LazyLauncher.java:55)
	at org.apache.maven.surefire.junitplatform.JUnitPlatformProvider.execute(JUnitPlatformProvider.java:223)
	at org.apache.maven.surefire.junitplatform.JUnitPlatformProvider.invokeAllTests(JUnitPlatformProvider.java:175)
	at org.apache.maven.surefire.junitplatform.JUnitPlatformProvider.invoke(JUnitPlatformProvider.java:139)
	at org.apache.maven.surefire.booter.ForkedBooter.runSuitesInProcess(ForkedBooter.java:456)
	at org.apache.maven.surefire.booter.ForkedBooter.execute(ForkedBooter.java:169)
	at org.apache.maven.surefire.booter.ForkedBooter.run(ForkedBooter.java:595)
	at org.apache.maven.surefire.booter.ForkedBooter.main(ForkedBooter.java:581)
Caused by: java.lang.RuntimeException: Unable to successfully launch process '7635'. Exit code is: '126'.
This may be caused by building the native binary in a Linux container while the host is macOS.
	at io.quarkus.test.common.LauncherUtil.ensureProcessIsAlive(LauncherUtil.java:105)
	at io.quarkus.test.common.LauncherUtil.waitForCapturedListeningData(LauncherUtil.java:68)
	at io.quarkus.test.common.DefaultNativeImageLauncher.start(DefaultNativeImageLauncher.java:108)
	at io.quarkus.test.junit.IntegrationTestUtil.startLauncher(IntegrationTestUtil.java:196)
	at io.quarkus.test.junit.QuarkusIntegrationTestExtension.doProcessStart(QuarkusIntegrationTestExtension.java:267)
	at io.quarkus.test.junit.QuarkusIntegrationTestExtension.ensureStarted(QuarkusIntegrationTestExtension.java:156)
	at io.quarkus.test.junit.QuarkusIntegrationTestExtension.beforeAll(QuarkusIntegrationTestExtension.java:123)
	at org.junit.jupiter.engine.descriptor.ClassBasedTestDescriptor.lambda$invokeBeforeAllCallbacks$12(ClassBasedTestDescriptor.java:395)
	at org.junit.platform.engine.support.hierarchical.ThrowableCollector.execute(ThrowableCollector.java:73)
	at org.junit.jupiter.engine.descriptor.ClassBasedTestDescriptor.invokeBeforeAllCallbacks(ClassBasedTestDescriptor.java:395)
	at org.junit.jupiter.engine.descriptor.ClassBasedTestDescriptor.before(ClassBasedTestDescriptor.java:211)
	at org.junit.jupiter.engine.descriptor.ClassBasedTestDescriptor.before(ClassBasedTestDescriptor.java:84)
	at org.junit.platform.engine.support.hierarchical.NodeTestTask.lambda$executeRecursively$6(NodeTestTask.java:148)
	... 37 more
]]></error>
    <system-out><![CDATA[Executing "/Users/slievens/MacTools/CE/quarkus-projects/rest-book/target/rest-book-1.0-runner -Dquarkus.http.port=8081 -Dquarkus.http.ssl-port=8444 -Dtest.url=http://localhost:8081 -Dquarkus.log.file.path=/Users/slievens/MacTools/CE/quarkus-projects/rest-book/target/quarkus.log -Dquarkus.log.file.enable=true"
/Users/slievens/MacTools/CE/quarkus-projects/rest-book/target/rest-book-1.0-runner: /Users/slievens/MacTools/CE/quarkus-projects/rest-book/target/rest-book-1.0-runner: cannot execute binary file
]]></system-out>
  </testcase>
</testsuite>